<?xml version="1.0" encoding="UTF-8"?>
<testng-results total="1" passed="1" failed="0" skipped="0">
  <reporter-output>
    <line>
      <![CDATA[VerifyFbLogo]]>
    </line>
    <line>
      <![CDATA[SetFirstName]]>
    </line>
    <line>
      <![CDATA[SetLastName]]>
    </line>
    <line>
      <![CDATA[SetEmailId]]>
    </line>
    <line>
      <![CDATA[SetPassword]]>
    </line>
    <line>
      <![CDATA[SetGender]]>
    </line>
    <line>
      <![CDATA[ClickSignUp]]>
    </line>
  </reporter-output>
  <suite started-at="2023-02-13T13:40:14Z" name="Default suite" finished-at="2023-02-13T13:40:19Z" duration-ms="4697">
    <groups>
    </groups>
    <test started-at="2023-02-13T13:40:14Z" name="Default test" finished-at="2023-02-13T13:40:19Z" duration-ms="4697">
      <class name="com.MavenProject.QA.Test.RegTest">
        <test-method is-config="true" signature="browserLaunch()" started-at="2023-02-13T13:40:14Z" name="browserLaunch" finished-at="2023-02-13T13:40:18Z" duration-ms="3658" status="PASS">
        </test-method>
        <test-method signature="abc()" started-at="2023-02-13T13:40:18Z" name="abc" finished-at="2023-02-13T13:40:19Z" duration-ms="607" status="PASS">
        </test-method>
        <test-method is-config="true" signature="closeBrowser()" started-at="2023-02-13T13:40:19Z" name="closeBrowser" finished-at="2023-02-13T13:40:19Z" duration-ms="424" status="PASS">
        </test-method>
      </class>
    </test>
  </suite>
</testng-results>
